ud845-Pets-starting-point/app/build/outputs/logs/manifest-merger-debug-report.txt
-- Merging decision tree log ---
manifest
ADDED from src/main/AndroidManifest.xml:13:1-46:12
	package
		ADDED from src/main/AndroidManifest.xml:13:11-45
		INJECTED from src/main/AndroidManifest.xml
		INJECTED from src/main/AndroidManifest.xml
	android:versionName
		INJECTED from src/main/AndroidManifest.xml
		INJECTED from src/main/AndroidManifest.xml
	xmlns:android
		ADDED from src/main/AndroidManifest.xml:14:11-69
	android:versionCode
		INJECTED from src/main/AndroidManifest.xml
		INJECTED from src/main/AndroidManifest.xml
application
ADDED from src/main/AndroidManifest.xml:16:5-44:19
MERGED from [com.android.support:design:25.2.0] AndroidManifest.xml:25:5-20
MERGED from [com.android.support:appcompat-v7:25.2.0] AndroidManifest.xml:25:5-20
MERGED from [com.android.support:animated-vector-drawable:25.2.0] AndroidManifest.xml:22:5-20
MERGED from [com.android.support:support-vector-drawable:25.2.0] AndroidManifest.xml:23:5-20
MERGED from [com.android.support:transition:25.2.0] AndroidManifest.xml:22:5-20
MERGED from [com.android.support:support-v4:25.2.0] AndroidManifest.xml:25:5-20
MERGED from [com.android.support:support-fragment:25.2.0] AndroidManifest.xml:25:5-20
MERGED from [com.android.support:support-media-compat:25.2.0] AndroidManifest.xml:25:5-20
MERGED from [com.android.support:support-core-ui:25.2.0] AndroidManifest.xml:25:5-20
MERGED from [com.android.support:support-core-utils:25.2.0] AndroidManifest.xml:25:5-20
MERGED from [com.android.support:support-compat:25.2.0] AndroidManifest.xml:25:5-20
	android:label
		ADDED from src/main/AndroidManifest.xml:19:9-41
	android:supportsRtl
		ADDED from src/main/AndroidManifest.xml:20:9-35
	android:allowBackup
		ADDED from src/main/AndroidManifest.xml:17:9-35
	android:icon
		ADDED from src/main/AndroidManifest.xml:18:9-43
	android:theme
		ADDED from src/main/AndroidManifest.xml:21:9-40
activity#com.example.android.pets.CatalogActivity
ADDED from src/main/AndroidManifest.xml:22:9-29:20
	android:label
		ADDED from src/main/AndroidManifest.xml:24:13-45
	android:name
		ADDED from src/main/AndroidManifest.xml:23:13-44
intent-filter#android.intent.action.MAIN+android.intent.category.LAUNCHER
ADDED from src/main/AndroidManifest.xml:25:13-28:29
action#android.intent.action.MAIN
ADDED from src/main/AndroidManifest.xml:26:17-68
	android:name
		ADDED from src/main/AndroidManifest.xml:26:25-66
category#android.intent.category.LAUNCHER
ADDED from src/main/AndroidManifest.xml:27:17-76
	android:name
		ADDED from src/main/AndroidManifest.xml:27:27-74
activity#com.example.android.pets.EditorActivity
ADDED from src/main/AndroidManifest.xml:30:9-38:20
	android:parentActivityName
		ADDED from src/main/AndroidManifest.xml:33:13-58
	android:theme
		ADDED from src/main/AndroidManifest.xml:32:13-47
	android:name
		ADDED from src/main/AndroidManifest.xml:31:13-43
meta-data#android.support.PARENT_ACTIVITY
ADDED from src/main/AndroidManifest.xml:35:13-37:52
	android:value
		ADDED from src/main/AndroidManifest.xml:37:17-49
	android:name
		ADDED from src/main/AndroidManifest.xml:36:17-63
provider#com.example.android.pets.data.PetProvider
ADDED from src/main/AndroidManifest.xml:40:9-43:39
	android:authorities
		ADDED from src/main/AndroidManifest.xml:41:13-59
	android:exported
		ADDED from src/main/AndroidManifest.xml:43:13-37
	android:name
		ADDED from src/main/AndroidManifest.xml:42:13-45
uses-sdk
INJECTED from src/main/AndroidManifest.xml reason: use-sdk injection requested
MERGED from [com.android.support:design:25.2.0] AndroidManifest.xml:21:5-23:62
MERGED from [com.android.support:appcompat-v7:25.2.0] AndroidManifest.xml:21:5-23:78
MERGED from [com.android.support:animated-vector-drawable:25.2.0] AndroidManifest.xml:20:5-44
MERGED from [com.android.support:support-vector-drawable:25.2.0] AndroidManifest.xml:21:5-43
MERGED from [com.android.support:recyclerview-v7:25.2.0] AndroidManifest.xml:20:5-43
MERGED from [com.android.support:transition:25.2.0] AndroidManifest.xml:20:5-44
MERGED from [com.android.support:support-v4:25.2.0] AndroidManifest.xml:21:5-23:54
MERGED from [com.android.support:support-fragment:25.2.0] AndroidManifest.xml:21:5-23:60
MERGED from [com.android.support:support-media-compat:25.2.0] AndroidManifest.xml:21:5-23:63
MERGED from [com.android.support:support-core-ui:25.2.0] AndroidManifest.xml:21:5-23:58
MERGED from [com.android.support:support-core-utils:25.2.0] AndroidManifest.xml:21:5-23:61
MERGED from [com.android.support:support-compat:25.2.0] AndroidManifest.xml:21:5-23:58
	tools:overrideLibrary
		ADDED from [com.android.support:design:25.2.0] AndroidManifest.xml:23:9-59
	android:targetSdkVersion
		INJECTED from src/main/AndroidManifest.xml
		INJECTED from src/main/AndroidManifest.xml
	android:minSdkVersion
		INJECTED from src/main/AndroidManifest.xml
		INJECTED from src/main/AndroidManifest.xml